<?xml version="1.0" encoding="UTF-8"?>
<testng-results skipped="0" failed="0" total="2" passed="2">
  <reporter-output>
  </reporter-output>
  <suite name="Suite" duration-ms="226906" started-at="2024-03-23T15:18:09Z" finished-at="2024-03-23T15:21:56Z">
    <groups>
    </groups>
    <test name="Test" duration-ms="226906" started-at="2024-03-23T15:18:09Z" finished-at="2024-03-23T15:21:56Z">
      <class name="com.inetbanking.testCases.TC_LoginTest_001">
        <test-method status="PASS" signature="setup()[pri:0, instance:com.inetbanking.testCases.TC_LoginTest_001@1832929]" name="setup" is-config="true" duration-ms="74488" started-at="2024-03-23T20:48:10Z" finished-at="2024-03-23T20:49:25Z">
          <reporter-output>
          </reporter-output>
        </test-method> <!-- setup -->
        <test-method status="PASS" signature="loginTest()[pri:0, instance:com.inetbanking.testCases.TC_LoginTest_001@1832929]" name="loginTest" duration-ms="13603" started-at="2024-03-23T20:49:25Z" finished-at="2024-03-23T20:49:38Z">
          <reporter-output>
          </reporter-output>
        </test-method> <!-- loginTest -->
        <test-method status="PASS" signature="teardown()[pri:0, instance:com.inetbanking.testCases.TC_LoginTest_001@1832929]" name="teardown" is-config="true" duration-ms="2031" started-at="2024-03-23T20:49:38Z" finished-at="2024-03-23T20:49:40Z">
          <reporter-output>
          </reporter-output>
        </test-method> <!-- teardown -->
      </class> <!-- com.inetbanking.testCases.TC_LoginTest_001 -->
      <class name="com.inetbanking.testCases.TC_AddCustomerTest_003">
        <test-method status="PASS" signature="setup()[pri:0, instance:com.inetbanking.testCases.TC_AddCustomerTest_003@1774679]" name="setup" is-config="true" duration-ms="29329" started-at="2024-03-23T20:49:40Z" finished-at="2024-03-23T20:50:10Z">
          <reporter-output>
          </reporter-output>
        </test-method> <!-- setup -->
        <test-method status="PASS" signature="addNewCustomer()[pri:0, instance:com.inetbanking.testCases.TC_AddCustomerTest_003@1774679]" name="addNewCustomer" duration-ms="104999" started-at="2024-03-23T20:50:10Z" finished-at="2024-03-23T20:51:55Z">
          <reporter-output>
          </reporter-output>
        </test-method> <!-- addNewCustomer -->
        <test-method status="PASS" signature="teardown()[pri:0, instance:com.inetbanking.testCases.TC_AddCustomerTest_003@1774679]" name="teardown" is-config="true" duration-ms="1439" started-at="2024-03-23T20:51:55Z" finished-at="2024-03-23T20:51:56Z">
          <reporter-output>
          </reporter-output>
        </test-method> <!-- teardown -->
      </class> <!-- com.inetbanking.testCases.TC_AddCustomerTest_003 -->
    </test> <!-- Test -->
  </suite> <!-- Suite -->
</testng-results>
